<?xml version="1.0" encoding="UTF-8"?>
<!-- Generated by org.testng.reporters.JUnitXMLReporter -->
<testsuite hostname="Home" name="Command line test" tests="7" failures="1" timestamp="5 Jun 2016 11:13:39 GMT" time="0.228" errors="0">
  <testcase name="testPension" time="0.019" classname="App.TestEmployeesNG1"/>
  <testcase name="testSalary" time="0.0" classname="App.TestEmployeesNG1"/>
  <testcase name="testTax" time="0.0" classname="App.TestEmployeesNG2"/>
  <testcase name="testTotalWorkDays" time="0.055" classname="App.TestEmployeesNG2"/>
  <testcase name="testTotalWorkDaysNegative" time="0.032" classname="App.TestEmployeesNG2">
    <failure type="org.testng.TestException" message="
Method TestEmployeesNG2.testTotalWorkDaysNegative()[pri:0, instance:App.TestEmployeesNG2@5594a1b5] should have thrown an exception of type class java.text.ParseException">
      <![CDATA[org.testng.TestException: 
Method TestEmployeesNG2.testTotalWorkDaysNegative()[pri:0, instance:App.TestEmployeesNG2@5594a1b5] should have thrown an exception of type class java.text.ParseException
... Removed 31 stack frames]]>
    </failure>
  </testcase> <!-- testTotalWorkDaysNegative -->
  <testcase name="testVacation" time="0.001" classname="App.TestEmployeesNG2"/>
  <testcase name="testWorkHourValue" time="0.035" classname="App.TestEmployeesNG1"/>
</testsuite> <!-- Command line test -->
