<?xml version="1.0" encoding="UTF-8"?>
<testng-results skipped="0" failed="1" total="7" passed="6">
  <reporter-output>
  </reporter-output>
  <suite name="Command line suite" duration-ms="228" started-at="2016-06-05T11:13:39Z" finished-at="2016-06-05T11:13:39Z">
    <groups>
      <group name="Group1">
        <method signature="TestEmployeesNG1.testSalary()[pri:0, instance:App.TestEmployeesNG1@3ac3fd8b]" name="testSalary" class="App.TestEmployeesNG1"/>
      </group> <!-- Group1 -->
      <group name="Group2">
        <method signature="TestEmployeesNG1.testPension()[pri:0, instance:App.TestEmployeesNG1@3ac3fd8b]" name="testPension" class="App.TestEmployeesNG1"/>
      </group> <!-- Group2 -->
      <group name="Group5">
        <method signature="TestEmployeesNG2.testTotalWorkDaysNegative()[pri:0, instance:App.TestEmployeesNG2@5594a1b5]" name="testTotalWorkDaysNegative" class="App.TestEmployeesNG2"/>
      </group> <!-- Group5 -->
      <group name="Group3">
        <method signature="TestEmployeesNG2.testTotalWorkDays()[pri:0, instance:App.TestEmployeesNG2@5594a1b5]" name="testTotalWorkDays" class="App.TestEmployeesNG2"/>
      </group> <!-- Group3 -->
      <group name="Group4">
        <method signature="TestEmployeesNG2.testTax()[pri:0, instance:App.TestEmployeesNG2@5594a1b5]" name="testTax" class="App.TestEmployeesNG2"/>
        <method signature="TestEmployeesNG2.testVacation()[pri:0, instance:App.TestEmployeesNG2@5594a1b5]" name="testVacation" class="App.TestEmployeesNG2"/>
      </group> <!-- Group4 -->
    </groups>
    <test name="Command line test" duration-ms="228" started-at="2016-06-05T11:13:39Z" finished-at="2016-06-05T11:13:39Z">
      <class name="App.TestEmployeesNG2">
        <test-method status="PASS" signature="testTax()[pri:0, instance:App.TestEmployeesNG2@5594a1b5]" name="testTax" duration-ms="0" started-at="2016-06-05T14:13:39Z" finished-at="2016-06-05T14:13:39Z">
          <reporter-output>
          </reporter-output>
        </test-method> <!-- testTax -->
        <test-method status="PASS" signature="testTotalWorkDays()[pri:0, instance:App.TestEmployeesNG2@5594a1b5]" name="testTotalWorkDays" duration-ms="55" started-at="2016-06-05T14:13:39Z" finished-at="2016-06-05T14:13:39Z">
          <reporter-output>
          </reporter-output>
        </test-method> <!-- testTotalWorkDays -->
        <test-method status="FAIL" signature="testTotalWorkDaysNegative()[pri:0, instance:App.TestEmployeesNG2@5594a1b5]" name="testTotalWorkDaysNegative" duration-ms="32" started-at="2016-06-05T14:13:39Z" finished-at="2016-06-05T14:13:39Z">
          <exception class="org.testng.TestException">
            <message>
              <![CDATA[
Method TestEmployeesNG2.testTotalWorkDaysNegative()[pri:0, instance:App.TestEmployeesNG2@5594a1b5] should have thrown an exception of type class java.text.ParseException]]>
            </message>
            <full-stacktrace>
              <![CDATA[org.testng.TestException: 
Method TestEmployeesNG2.testTotalWorkDaysNegative()[pri:0, instance:App.TestEmployeesNG2@5594a1b5] should have thrown an exception of type class java.text.ParseException
	at org.testng.internal.ExpectedExceptionsHolder.noException(ExpectedExceptionsHolder.java:89)
	at org.testng.internal.Invoker.handleInvocationResults(Invoker.java:1381)
	at org.testng.internal.Invoker.invokeMethod(Invoker.java:681)
	at org.testng.internal.Invoker.invokeTestMethod(Invoker.java:820)
	at org.testng.internal.Invoker.invokeTestMethods(Invoker.java:1128)
	at org.testng.internal.TestMethodWorker.invokeTestMethods(TestMethodWorker.java:129)
	at org.testng.internal.TestMethodWorker.run(TestMethodWorker.java:112)
	at org.testng.TestRunner.privateRun(TestRunner.java:782)
	at org.testng.TestRunner.run(TestRunner.java:632)
	at org.testng.SuiteRunner.runTest(SuiteRunner.java:366)
	at org.testng.SuiteRunner.runSequentially(SuiteRunner.java:361)
	at org.testng.SuiteRunner.privateRun(SuiteRunner.java:319)
	at org.testng.SuiteRunner.run(SuiteRunner.java:268)
	at org.testng.SuiteRunnerWorker.runSuite(SuiteRunnerWorker.java:52)
	at org.testng.SuiteRunnerWorker.run(SuiteRunnerWorker.java:86)
	at org.testng.TestNG.runSuitesSequentially(TestNG.java:1244)
	at org.testng.TestNG.runSuitesLocally(TestNG.java:1169)
	at org.testng.TestNG.run(TestNG.java:1064)
	at org.apache.maven.surefire.testng.TestNGExecutor.run(TestNGExecutor.java:77)
	at org.apache.maven.surefire.testng.TestNGDirectoryTestSuite.executeMulti(TestNGDirectoryTestSuite.java:159)
	at org.apache.maven.surefire.testng.TestNGDirectoryTestSuite.execute(TestNGDirectoryTestSuite.java:99)
	at org.apache.maven.surefire.testng.TestNGProvider.invoke(TestNGProvider.java:106)
	at sun.reflect.NativeMethodAccessorImpl.invoke0(Native Method)
	at sun.reflect.NativeMethodAccessorImpl.invoke(NativeMethodAccessorImpl.java:62)
	at sun.reflect.DelegatingMethodAccessorImpl.invoke(DelegatingMethodAccessorImpl.java:43)
	at java.lang.reflect.Method.invoke(Method.java:498)
	at org.apache.maven.surefire.util.ReflectionUtils.invokeMethodWithArray(ReflectionUtils.java:189)
	at org.apache.maven.surefire.booter.ProviderFactory$ProviderProxy.invoke(ProviderFactory.java:165)
	at org.apache.maven.surefire.booter.ProviderFactory.invokeProvider(ProviderFactory.java:85)
	at org.apache.maven.surefire.booter.ForkedBooter.runSuitesInProcess(ForkedBooter.java:115)
	at org.apache.maven.surefire.booter.ForkedBooter.main(ForkedBooter.java:75)
]]>
            </full-stacktrace>
          </exception> <!-- org.testng.TestException -->
          <reporter-output>
          </reporter-output>
        </test-method> <!-- testTotalWorkDaysNegative -->
        <test-method status="PASS" signature="testVacation()[pri:0, instance:App.TestEmployeesNG2@5594a1b5]" name="testVacation" duration-ms="1" started-at="2016-06-05T14:13:39Z" finished-at="2016-06-05T14:13:39Z">
          <reporter-output>
          </reporter-output>
        </test-method> <!-- testVacation -->
      </class> <!-- App.TestEmployeesNG2 -->
      <class name="App.TestEmployeesNG1">
        <test-method status="PASS" signature="start()[pri:0, instance:App.TestEmployeesNG1@3ac3fd8b]" name="start" is-config="true" duration-ms="37" started-at="2016-06-05T14:13:39Z" finished-at="2016-06-05T14:13:39Z">
          <reporter-output>
          </reporter-output>
        </test-method> <!-- start -->
        <test-method status="PASS" signature="start()[pri:0, instance:App.TestEmployeesNG2@5594a1b5]" name="start" is-config="true" duration-ms="1" started-at="2016-06-05T14:13:39Z" finished-at="2016-06-05T14:13:39Z">
          <reporter-output>
          </reporter-output>
        </test-method> <!-- start -->
        <test-method status="PASS" signature="testPension()[pri:0, instance:App.TestEmployeesNG1@3ac3fd8b]" name="testPension" duration-ms="19" started-at="2016-06-05T14:13:39Z" finished-at="2016-06-05T14:13:39Z">
          <reporter-output>
          </reporter-output>
        </test-method> <!-- testPension -->
        <test-method status="PASS" signature="testSalary()[pri:0, instance:App.TestEmployeesNG1@3ac3fd8b]" name="testSalary" duration-ms="0" started-at="2016-06-05T14:13:39Z" finished-at="2016-06-05T14:13:39Z">
          <reporter-output>
          </reporter-output>
        </test-method> <!-- testSalary -->
        <test-method status="PASS" signature="testWorkHourValue()[pri:0, instance:App.TestEmployeesNG1@3ac3fd8b]" name="testWorkHourValue" duration-ms="35" depends-on-groups="Group2" started-at="2016-06-05T14:13:39Z" finished-at="2016-06-05T14:13:39Z">
          <reporter-output>
          </reporter-output>
        </test-method> <!-- testWorkHourValue -->
        <test-method status="PASS" signature="finish()[pri:0, instance:App.TestEmployeesNG1@3ac3fd8b]" name="finish" is-config="true" duration-ms="1" started-at="2016-06-05T14:13:39Z" finished-at="2016-06-05T14:13:39Z">
          <reporter-output>
          </reporter-output>
        </test-method> <!-- finish -->
        <test-method status="PASS" signature="finish()[pri:0, instance:App.TestEmployeesNG2@5594a1b5]" name="finish" is-config="true" duration-ms="0" started-at="2016-06-05T14:13:39Z" finished-at="2016-06-05T14:13:39Z">
          <reporter-output>
          </reporter-output>
        </test-method> <!-- finish -->
      </class> <!-- App.TestEmployeesNG1 -->
    </test> <!-- Command line test -->
  </suite> <!-- Command line suite -->
</testng-results>
